mode: set
D7024E/dht/rpcHandler.go:11.72,12.11 1 1
D7024E/dht/rpcHandler.go:13.2,14.22 1 1
D7024E/dht/rpcHandler.go:15.2,16.26 1 1
D7024E/dht/rpcHandler.go:17.2,18.23 1 1
D7024E/dht/rpcHandler.go:19.2,20.27 1 1
D7024E/dht/rpcHandler.go:21.2,22.13 1 0
D7024E/dht/rpcHandler.go:26.69,34.2 2 1
D7024E/dht/rpcHandler.go:36.73,50.2 6 1
D7024E/dht/rpcHandler.go:52.70,62.12 9 0
D7024E/dht/rpcHandler.go:69.2,69.17 1 0
D7024E/dht/rpcHandler.go:62.12,63.48 1 0
D7024E/dht/rpcHandler.go:63.48,65.4 1 0
D7024E/dht/rpcHandler.go:66.3,68.3 1 0
D7024E/dht/rpcHandler.go:72.74,74.16 2 0
D7024E/dht/rpcHandler.go:77.2,81.12 3 0
D7024E/dht/rpcHandler.go:90.2,90.21 1 0
D7024E/dht/rpcHandler.go:74.16,76.3 1 0
D7024E/dht/rpcHandler.go:81.12,83.3 1 0
D7024E/dht/rpcHandler.go:83.3,88.3 4 0
D7024E/dht/scheduler.go:13.43,15.2 1 0
D7024E/dht/scheduler.go:17.55,19.6 2 0
D7024E/dht/scheduler.go:19.6,20.10 1 0
D7024E/dht/scheduler.go:21.3,22.10 1 0
D7024E/dht/scheduler.go:23.3,25.10 2 0
D7024E/dht/store.go:26.24,29.2 1 1
D7024E/dht/store.go:40.81,53.2 7 1
D7024E/dht/store.go:55.57,59.12 4 1
D7024E/dht/store.go:59.12,61.3 1 1
D7024E/dht/store.go:61.3,63.3 1 1
D7024E/dht/store.go:67.41,70.46 3 1
D7024E/dht/store.go:70.46,71.20 1 1
D7024E/dht/store.go:71.20,73.4 1 1
D7024E/dht/store.go:73.4,76.4 2 1
D7024E/dht/store.go:77.3,79.3 1 1
D7024E/dht/store.go:82.47,85.46 3 1
D7024E/dht/store.go:89.2,89.65 1 1
D7024E/dht/store.go:85.46,88.3 2 1
D7024E/dht/store.go:92.49,95.46 3 1
D7024E/dht/store.go:99.2,99.65 1 1
D7024E/dht/store.go:95.46,98.3 2 1
D7024E/dht/store.go:102.74,104.12 2 1
D7024E/dht/store.go:111.2,111.12 1 1
D7024E/dht/store.go:104.12,110.3 1 1
D7024E/dht/store.go:114.41,120.2 5 1
D7024E/dht/store.go:122.41,127.2 4 1
D7024E/dht/store.go:129.48,131.2 1 1
D7024E/dht/store.go:133.53,135.2 1 1
D7024E/dht/store.go:137.65,139.2 1 1
D7024E/dht/store.go:141.35,143.2 1 1
D7024E/dht/store.go:145.37,147.2 1 1
D7024E/dht/store.go:149.45,152.24 3 1
D7024E/dht/store.go:155.2,155.26 1 0
D7024E/dht/store.go:159.2,159.22 1 0
D7024E/dht/store.go:152.24,154.3 1 1
D7024E/dht/store.go:155.26,157.3 1 0
D7024E/dht/bucket.go:23.26,29.2 5 1
D7024E/dht/bucket.go:33.51,36.55 3 1
D7024E/dht/bucket.go:44.2,44.20 1 1
D7024E/dht/bucket.go:36.55,39.34 2 1
D7024E/dht/bucket.go:39.34,41.4 1 1
D7024E/dht/bucket.go:44.20,45.37 1 1
D7024E/dht/bucket.go:45.37,48.4 2 1
D7024E/dht/bucket.go:49.3,52.3 2 1
D7024E/dht/bucket.go:57.95,62.63 4 1
D7024E/dht/bucket.go:70.2,70.17 1 1
D7024E/dht/bucket.go:62.63,64.31 2 1
D7024E/dht/bucket.go:64.31,67.4 2 1
D7024E/dht/bucket.go:74.33,76.2 1 1
D7024E/dht/bucket.go:78.54,80.2 1 1
D7024E/dht/bucket.go:82.44,86.2 3 1
D7024E/dht/bucket.go:88.51,90.23 2 1
D7024E/dht/bucket.go:93.2,97.63 5 1
D7024E/dht/bucket.go:104.2,104.12 1 0
D7024E/dht/bucket.go:90.23,92.3 1 0
D7024E/dht/bucket.go:97.63,98.17 1 1
D7024E/dht/bucket.go:102.3,102.6 1 0
D7024E/dht/bucket.go:98.17,101.4 2 1
D7024E/dht/kademliaid.go:16.45,20.32 3 1
D7024E/dht/kademliaid.go:24.2,24.23 1 1
D7024E/dht/kademliaid.go:20.32,22.3 1 1
D7024E/dht/kademliaid.go:29.40,32.32 3 1
D7024E/dht/kademliaid.go:35.2,35.23 1 1
D7024E/dht/kademliaid.go:32.32,34.3 1 1
D7024E/dht/kademliaid.go:39.69,40.32 1 1
D7024E/dht/kademliaid.go:45.2,45.14 1 0
D7024E/dht/kademliaid.go:40.32,41.42 1 1
D7024E/dht/kademliaid.go:41.42,43.4 1 1
D7024E/dht/kademliaid.go:49.71,50.32 1 1
D7024E/dht/kademliaid.go:55.2,55.13 1 1
D7024E/dht/kademliaid.go:50.32,51.42 1 1
D7024E/dht/kademliaid.go:51.42,53.4 1 1
D7024E/dht/kademliaid.go:60.75,62.32 2 1
D7024E/dht/kademliaid.go:65.2,65.16 1 1
D7024E/dht/kademliaid.go:62.32,64.3 1 1
D7024E/dht/kademliaid.go:69.47,71.2 1 1
D7024E/dht/network.go:25.45,35.2 2 1
D7024E/dht/network.go:37.31,40.16 3 1
D7024E/dht/network.go:44.2,45.16 2 1
D7024E/dht/network.go:48.2,48.21 1 1
D7024E/dht/network.go:40.16,42.3 1 0
D7024E/dht/network.go:45.16,47.3 1 0
D7024E/dht/network.go:51.32,55.2 3 1
D7024E/dht/network.go:57.32,63.6 5 1
D7024E/dht/network.go:63.6,64.10 1 1
D7024E/dht/network.go:65.3,67.14 2 1
D7024E/dht/network.go:68.3,71.14 3 0
D7024E/dht/network.go:75.4,75.28 1 0
D7024E/dht/network.go:76.3,77.15 1 1
D7024E/dht/network.go:71.14,74.5 2 0
D7024E/dht/network.go:82.37,85.26 3 1
D7024E/dht/network.go:88.2,88.16 1 1
D7024E/dht/network.go:92.2,94.16 3 1
D7024E/dht/network.go:98.2,98.18 1 1
D7024E/dht/network.go:119.2,119.26 1 1
D7024E/dht/network.go:85.26,87.3 1 1
D7024E/dht/network.go:88.16,91.3 2 0
D7024E/dht/network.go:94.16,97.3 2 0
D7024E/dht/network.go:98.18,106.13 5 1
D7024E/dht/network.go:111.3,111.27 1 1
D7024E/dht/network.go:106.13,110.4 3 1
D7024E/dht/network.go:112.3,118.3 2 1
D7024E/dht/network.go:123.49,125.16 2 1
D7024E/dht/network.go:128.2,131.32 4 1
D7024E/dht/network.go:125.16,127.3 1 0
D7024E/dht/network.go:135.25,137.16 2 1
D7024E/dht/network.go:140.2,141.16 2 1
D7024E/dht/network.go:144.2,145.16 2 1
D7024E/dht/network.go:148.2,148.18 1 1
D7024E/dht/network.go:160.2,160.12 1 1
D7024E/dht/network.go:137.16,139.3 1 0
D7024E/dht/network.go:141.16,143.3 1 0
D7024E/dht/network.go:145.16,147.3 1 0
D7024E/dht/network.go:148.18,153.3 1 1
D7024E/dht/network.go:153.3,158.3 1 1
D7024E/dht/network.go:163.51,166.16 3 1
D7024E/dht/network.go:170.2,170.20 1 1
D7024E/dht/network.go:173.2,175.16 3 1
D7024E/dht/network.go:166.16,169.3 2 0
D7024E/dht/network.go:170.20,172.3 1 0
D7024E/dht/network.go:175.16,177.3 1 0
D7024E/dht/network.go:180.52,185.54 1 1
D7024E/dht/network.go:185.54,187.3 1 1
D7024E/dht/network.go:187.3,189.3 1 1
D7024E/dht/network.go:194.72,197.2 1 0
D7024E/dht/network.go:199.60,202.2 1 0
D7024E/dht/network.go:204.58,207.2 1 0
D7024E/dht/network.go:209.55,212.2 1 0
D7024E/dht/routingtable.go:13.48,15.34 2 1
D7024E/dht/routingtable.go:18.2,19.21 2 1
D7024E/dht/routingtable.go:15.34,17.3 1 1
D7024E/dht/routingtable.go:23.63,27.2 3 1
D7024E/dht/routingtable.go:32.28,39.98 5 1
D7024E/dht/routingtable.go:50.2,52.30 2 1
D7024E/dht/routingtable.go:56.2,56.38 1 1
D7024E/dht/routingtable.go:39.98,40.25 1 1
D7024E/dht/routingtable.go:44.3,44.33 1 1
D7024E/dht/routingtable.go:40.25,43.4 2 1
D7024E/dht/routingtable.go:44.33,47.4 2 1
D7024E/dht/routingtable.go:52.30,54.3 1 1
D7024E/dht/routingtable.go:60.70,62.32 2 1
D7024E/dht/routingtable.go:70.2,70.23 1 1
D7024E/dht/routingtable.go:62.32,63.26 1 1
D7024E/dht/routingtable.go:63.26,64.42 1 1
D7024E/dht/routingtable.go:64.42,66.5 1 1
D7024E/dht/contact.go:18.57,20.2 1 1
D7024E/dht/contact.go:22.40,24.23 2 1
D7024E/dht/contact.go:27.2,31.3 1 1
D7024E/dht/contact.go:24.23,26.3 1 1
D7024E/dht/contact.go:34.40,36.27 2 1
D7024E/dht/contact.go:39.2,43.3 1 1
D7024E/dht/contact.go:36.27,38.3 1 1
D7024E/dht/contact.go:46.53,48.35 2 1
D7024E/dht/contact.go:51.2,51.14 1 1
D7024E/dht/contact.go:48.35,50.3 1 1
D7024E/dht/contact.go:54.50,56.29 2 1
D7024E/dht/contact.go:59.2,59.17 1 1
D7024E/dht/contact.go:56.29,58.3 1 1
D7024E/dht/contact.go:64.58,66.2 1 1
D7024E/dht/contact.go:69.58,71.2 1 1
D7024E/dht/contact.go:74.41,76.2 1 1
D7024E/dht/contact.go:78.60,80.2 1 1
D7024E/dht/contact.go:89.65,91.2 1 1
D7024E/dht/contact.go:93.59,95.2 1 1
D7024E/dht/contact.go:98.71,100.2 1 1
D7024E/dht/contact.go:103.45,104.26 1 1
D7024E/dht/contact.go:104.26,106.3 1 1
D7024E/dht/contact.go:110.48,112.2 1 1
D7024E/dht/contact.go:116.53,118.2 1 1
D7024E/dht/contact.go:122.58,124.2 1 1
D7024E/dht/contact.go:126.52,128.2 1 1
D7024E/dht/contact.go:130.44,131.27 1 1
D7024E/dht/contact.go:131.27,133.3 1 1
D7024E/dht/contact.go:136.61,137.46 1 1
D7024E/dht/contact.go:142.2,142.14 1 1
D7024E/dht/contact.go:137.46,138.25 1 1
D7024E/dht/contact.go:138.25,140.4 1 1
D7024E/dht/contact.go:145.68,146.35 1 1
D7024E/dht/contact.go:146.35,147.34 1 1
D7024E/dht/contact.go:147.34,149.4 1 1
D7024E/dht/kademlia.go:21.53,30.2 4 1
D7024E/dht/kademlia.go:32.39,36.2 3 1
D7024E/dht/kademlia.go:41.63,49.16 8 1
D7024E/dht/kademlia.go:52.2,52.9 1 1
D7024E/dht/kademlia.go:49.16,51.3 1 0
D7024E/dht/kademlia.go:53.2,54.29 1 1
D7024E/dht/kademlia.go:55.2,57.24 2 0
D7024E/dht/kademlia.go:71.86,78.16 7 1
D7024E/dht/kademlia.go:82.2,82.9 1 1
D7024E/dht/kademlia.go:78.16,80.3 1 0
D7024E/dht/kademlia.go:83.2,85.37 2 1
D7024E/dht/kademlia.go:86.2,88.24 2 0
D7024E/dht/kademlia.go:92.70,100.16 8 0
D7024E/dht/kademlia.go:103.2,103.12 1 0
D7024E/dht/kademlia.go:100.16,102.3 1 0
D7024E/dht/kademlia.go:107.47,114.16 7 0
D7024E/dht/kademlia.go:118.2,118.9 1 0
D7024E/dht/kademlia.go:114.16,116.3 1 0
D7024E/dht/kademlia.go:119.2,121.17 2 0
D7024E/dht/kademlia.go:126.3,127.42 2 0
D7024E/dht/kademlia.go:128.2,130.29 2 0
D7024E/dht/kademlia.go:121.17,124.4 1 0
D7024E/dht/kademlia.go:134.63,136.13 2 1
D7024E/dht/kademlia.go:140.2,141.16 2 1
D7024E/dht/kademlia.go:144.2,144.42 1 1
D7024E/dht/kademlia.go:136.13,139.3 2 0
D7024E/dht/kademlia.go:141.16,143.3 1 0
D7024E/dht/kademlia.go:144.42,145.22 1 0
D7024E/dht/kademlia.go:145.22,147.18 2 0
D7024E/dht/kademlia.go:147.18,149.5 1 0
D7024E/dht/kademlia.go:154.69,160.6 5 1
D7024E/dht/kademlia.go:185.2,185.32 1 0
D7024E/dht/kademlia.go:160.6,163.30 3 1
D7024E/dht/kademlia.go:174.3,175.29 2 1
D7024E/dht/kademlia.go:163.30,164.40 1 1
D7024E/dht/kademlia.go:164.40,165.65 1 0
D7024E/dht/kademlia.go:165.65,166.36 1 0
D7024E/dht/kademlia.go:166.36,170.7 3 0
D7024E/dht/kademlia.go:175.29,179.4 3 1
D7024E/dht/kademlia.go:179.4,182.4 1 0
D7024E/dht/kademlia.go:188.78,195.6 6 0
D7024E/dht/kademlia.go:222.2,222.37 1 0
D7024E/dht/kademlia.go:195.6,198.30 3 0
D7024E/dht/kademlia.go:209.3,210.29 2 0
D7024E/dht/kademlia.go:198.30,199.40 1 0
D7024E/dht/kademlia.go:199.40,200.65 1 0
D7024E/dht/kademlia.go:200.65,201.36 1 0
D7024E/dht/kademlia.go:201.36,205.7 3 0
D7024E/dht/kademlia.go:210.29,214.4 3 0
D7024E/dht/kademlia.go:214.4,216.20 2 0
D7024E/dht/kademlia.go:216.20,218.5 1 0
D7024E/dht/kademlia.go:228.69,236.6 8 0
D7024E/dht/kademlia.go:236.6,237.10 1 0
D7024E/dht/kademlia.go:238.3,239.43 1 0
D7024E/dht/kademlia.go:240.3,245.49 5 0
D7024E/dht/kademlia.go:251.4,251.37 1 0
D7024E/dht/kademlia.go:254.4,254.13 1 0
D7024E/dht/kademlia.go:255.3,256.47 1 0
D7024E/dht/kademlia.go:261.4,261.13 1 0
D7024E/dht/kademlia.go:262.3,263.23 1 0
D7024E/dht/kademlia.go:245.49,247.5 1 0
D7024E/dht/kademlia.go:247.5,250.5 2 0
D7024E/dht/kademlia.go:251.37,253.5 1 0
D7024E/dht/kademlia.go:256.47,257.36 1 0
D7024E/dht/kademlia.go:257.36,259.6 1 0
D7024E/dht/kademlia.go:263.23,264.48 1 0
D7024E/dht/kademlia.go:296.5,296.21 1 0
D7024E/dht/kademlia.go:264.48,265.37 1 0
D7024E/dht/kademlia.go:265.37,268.17 3 0
D7024E/dht/kademlia.go:293.7,293.12 1 0
D7024E/dht/kademlia.go:268.17,273.21 5 0
D7024E/dht/kademlia.go:278.8,278.22 1 0
D7024E/dht/kademlia.go:282.8,282.37 1 0
D7024E/dht/kademlia.go:286.8,286.19 1 0
D7024E/dht/kademlia.go:290.8,291.14 2 0
D7024E/dht/kademlia.go:273.21,275.9 1 0
D7024E/dht/kademlia.go:275.9,277.9 1 0
D7024E/dht/kademlia.go:278.22,281.9 2 0
D7024E/dht/kademlia.go:282.37,285.9 2 0
D7024E/dht/kademlia.go:286.19,289.9 2 0
D7024E/dht/kademlia.go:296.21,298.6 1 0
D7024E/dht/kademlia.go:304.38,305.24 1 1
D7024E/dht/kademlia.go:309.2,312.23 4 1
D7024E/dht/kademlia.go:305.24,308.3 2 1
D7024E/dht/kademlia.go:312.23,315.3 2 1
D7024E/dht/kademlia.go:315.3,320.17 4 0
D7024E/dht/kademlia.go:323.3,323.14 1 0
D7024E/dht/kademlia.go:320.17,322.4 1 0
D7024E/dht/kademlia.go:323.14,328.4 4 0
D7024E/dht/kademlia.go:333.37,334.17 1 0
D7024E/dht/kademlia.go:373.2,373.37 1 0
D7024E/dht/kademlia.go:334.17,337.39 1 0
D7024E/dht/kademlia.go:355.3,355.48 1 0
D7024E/dht/kademlia.go:337.39,338.39 1 0
D7024E/dht/kademlia.go:338.39,340.23 2 0
D7024E/dht/kademlia.go:340.23,343.21 3 0
D7024E/dht/kademlia.go:343.21,345.21 2 0
D7024E/dht/kademlia.go:345.21,347.8 1 0
D7024E/dht/kademlia.go:347.8,349.8 1 0
D7024E/dht/kademlia.go:355.48,356.36 1 0
D7024E/dht/kademlia.go:356.36,358.5 1 0
D7024E/dht/kademlia.go:358.5,358.57 1 0
D7024E/dht/kademlia.go:358.57,360.40 2 0
D7024E/dht/kademlia.go:360.40,363.6 2 0
D7024E/dht/kademlia.go:364.5,364.48 1 0
D7024E/dht/kademlia.go:364.48,366.40 2 0
D7024E/dht/kademlia.go:366.40,369.6 2 0
D7024E/dht/kademlia.go:376.50,381.2 4 0
D7024E/dht/kademlia.go:383.49,386.16 3 0
D7024E/dht/kademlia.go:390.2,391.12 2 0
D7024E/dht/kademlia.go:395.2,396.12 2 0
D7024E/dht/kademlia.go:386.16,389.3 2 0
D7024E/dht/kademlia.go:391.12,394.3 2 0
D7024E/dht/kademlia.go:399.46,402.16 3 0
D7024E/dht/kademlia.go:405.2,406.16 2 0
D7024E/dht/kademlia.go:409.2,409.12 1 0
D7024E/dht/kademlia.go:402.16,404.3 1 0
D7024E/dht/kademlia.go:406.16,408.3 1 0
D7024E/dht/kademlia.go:412.48,415.16 3 0
D7024E/dht/kademlia.go:418.2,419.16 2 0
D7024E/dht/kademlia.go:422.2,422.12 1 0
D7024E/dht/kademlia.go:415.16,417.3 1 0
D7024E/dht/kademlia.go:419.16,421.3 1 0
D7024E/dht/kademlia.go:425.32,429.25 4 0
D7024E/dht/kademlia.go:432.2,434.43 3 0
D7024E/dht/kademlia.go:429.25,431.3 1 0
D7024E/dht/kademlia.go:437.58,439.2 0 0
D7024E/dht/kademlia.go:441.51,443.2 0 0
D7024E/dht/kademlia.go:445.46,447.2 0 0
