mode: set
D7024E/dht/bucket.go:23.26,29.2 5 1
D7024E/dht/bucket.go:33.51,36.55 3 1
D7024E/dht/bucket.go:44.2,44.20 1 1
D7024E/dht/bucket.go:36.55,39.34 2 1
D7024E/dht/bucket.go:39.34,41.4 1 1
D7024E/dht/bucket.go:44.20,45.37 1 1
D7024E/dht/bucket.go:45.37,48.4 2 1
D7024E/dht/bucket.go:49.3,52.3 1 1
D7024E/dht/bucket.go:57.95,62.63 4 1
D7024E/dht/bucket.go:70.2,70.17 1 1
D7024E/dht/bucket.go:62.63,64.31 2 1
D7024E/dht/bucket.go:64.31,67.4 2 1
D7024E/dht/bucket.go:74.33,76.2 1 1
D7024E/dht/bucket.go:78.54,80.2 1 1
D7024E/dht/bucket.go:82.44,86.2 3 1
D7024E/dht/bucket.go:88.51,91.23 3 1
D7024E/dht/bucket.go:94.2,97.63 4 1
D7024E/dht/bucket.go:104.2,104.12 1 0
D7024E/dht/bucket.go:91.23,93.3 1 1
D7024E/dht/bucket.go:97.63,98.17 1 1
D7024E/dht/bucket.go:102.3,102.6 1 1
D7024E/dht/bucket.go:98.17,101.4 2 1
D7024E/dht/kademliaid.go:16.45,20.32 3 1
D7024E/dht/kademliaid.go:24.2,24.23 1 1
D7024E/dht/kademliaid.go:20.32,22.3 1 1
D7024E/dht/kademliaid.go:29.40,32.32 3 1
D7024E/dht/kademliaid.go:35.2,35.23 1 1
D7024E/dht/kademliaid.go:32.32,34.3 1 1
D7024E/dht/kademliaid.go:39.69,40.32 1 1
D7024E/dht/kademliaid.go:45.2,45.14 1 0
D7024E/dht/kademliaid.go:40.32,41.42 1 1
D7024E/dht/kademliaid.go:41.42,43.4 1 1
D7024E/dht/kademliaid.go:49.71,50.32 1 1
D7024E/dht/kademliaid.go:55.2,55.13 1 1
D7024E/dht/kademliaid.go:50.32,51.42 1 1
D7024E/dht/kademliaid.go:51.42,53.4 1 1
D7024E/dht/kademliaid.go:60.75,62.32 2 1
D7024E/dht/kademliaid.go:65.2,65.16 1 1
D7024E/dht/kademliaid.go:62.32,64.3 1 1
D7024E/dht/kademliaid.go:69.47,71.2 1 1
D7024E/dht/network.go:25.45,35.2 2 1
D7024E/dht/network.go:37.31,40.16 3 1
D7024E/dht/network.go:44.2,45.16 2 1
D7024E/dht/network.go:48.2,48.21 1 1
D7024E/dht/network.go:40.16,42.3 1 0
D7024E/dht/network.go:45.16,47.3 1 0
D7024E/dht/network.go:51.32,55.2 3 1
D7024E/dht/network.go:57.32,63.6 5 1
D7024E/dht/network.go:63.6,64.10 1 1
D7024E/dht/network.go:65.3,67.14 2 1
D7024E/dht/network.go:68.3,71.14 3 0
D7024E/dht/network.go:75.4,75.28 1 0
D7024E/dht/network.go:76.3,77.15 1 1
D7024E/dht/network.go:71.14,74.5 2 0
D7024E/dht/network.go:82.37,85.26 3 1
D7024E/dht/network.go:88.2,88.16 1 1
D7024E/dht/network.go:92.2,94.16 3 1
D7024E/dht/network.go:98.2,98.18 1 1
D7024E/dht/network.go:121.2,121.26 1 1
D7024E/dht/network.go:85.26,87.3 1 1
D7024E/dht/network.go:88.16,91.3 2 0
D7024E/dht/network.go:94.16,97.3 2 0
D7024E/dht/network.go:98.18,107.13 5 1
D7024E/dht/network.go:112.3,112.27 1 1
D7024E/dht/network.go:107.13,111.4 3 1
D7024E/dht/network.go:113.3,120.3 2 1
D7024E/dht/network.go:125.49,127.16 2 1
D7024E/dht/network.go:130.2,133.32 4 1
D7024E/dht/network.go:127.16,129.3 1 0
D7024E/dht/network.go:137.25,139.16 2 1
D7024E/dht/network.go:142.2,143.16 2 1
D7024E/dht/network.go:146.2,147.16 2 1
D7024E/dht/network.go:150.2,150.18 1 1
D7024E/dht/network.go:164.2,164.12 1 1
D7024E/dht/network.go:139.16,141.3 1 0
D7024E/dht/network.go:143.16,145.3 1 0
D7024E/dht/network.go:147.16,149.3 1 1
D7024E/dht/network.go:150.18,156.3 1 1
D7024E/dht/network.go:156.3,162.3 1 1
D7024E/dht/network.go:167.51,170.16 3 1
D7024E/dht/network.go:174.2,174.20 1 1
D7024E/dht/network.go:177.2,179.16 3 1
D7024E/dht/network.go:170.16,173.3 2 0
D7024E/dht/network.go:174.20,176.3 1 1
D7024E/dht/network.go:179.16,181.3 1 0
D7024E/dht/network.go:184.52,189.54 1 1
D7024E/dht/network.go:189.54,191.3 1 1
D7024E/dht/network.go:191.3,193.3 1 1
D7024E/dht/routingtable.go:13.48,15.34 2 1
D7024E/dht/routingtable.go:18.2,19.21 2 1
D7024E/dht/routingtable.go:15.34,17.3 1 1
D7024E/dht/routingtable.go:23.63,27.2 3 1
D7024E/dht/routingtable.go:32.28,39.98 5 1
D7024E/dht/routingtable.go:50.2,52.30 2 1
D7024E/dht/routingtable.go:56.2,56.38 1 1
D7024E/dht/routingtable.go:39.98,40.25 1 1
D7024E/dht/routingtable.go:44.3,44.33 1 1
D7024E/dht/routingtable.go:40.25,43.4 2 1
D7024E/dht/routingtable.go:44.33,47.4 2 1
D7024E/dht/routingtable.go:52.30,54.3 1 1
D7024E/dht/routingtable.go:60.70,62.32 2 1
D7024E/dht/routingtable.go:70.2,70.23 1 1
D7024E/dht/routingtable.go:62.32,63.26 1 1
D7024E/dht/routingtable.go:63.26,64.42 1 1
D7024E/dht/routingtable.go:64.42,66.5 1 1
D7024E/dht/store.go:26.24,29.2 1 1
D7024E/dht/store.go:40.81,53.2 7 1
D7024E/dht/store.go:55.57,59.12 4 1
D7024E/dht/store.go:59.12,61.3 1 1
D7024E/dht/store.go:61.3,63.3 1 1
D7024E/dht/store.go:67.41,70.46 3 1
D7024E/dht/store.go:70.46,71.20 1 1
D7024E/dht/store.go:71.20,73.4 1 1
D7024E/dht/store.go:73.4,76.4 2 1
D7024E/dht/store.go:77.3,79.3 1 1
D7024E/dht/store.go:82.47,85.46 3 1
D7024E/dht/store.go:89.2,89.65 1 1
D7024E/dht/store.go:85.46,88.3 2 1
D7024E/dht/store.go:92.49,95.46 3 1
D7024E/dht/store.go:99.2,99.65 1 1
D7024E/dht/store.go:95.46,98.3 2 1
D7024E/dht/store.go:102.74,104.12 2 1
D7024E/dht/store.go:111.2,111.12 1 1
D7024E/dht/store.go:104.12,110.3 1 1
D7024E/dht/store.go:114.41,120.2 5 1
D7024E/dht/store.go:122.41,127.2 4 1
D7024E/dht/store.go:129.48,131.2 1 1
D7024E/dht/store.go:133.53,135.2 1 1
D7024E/dht/store.go:137.65,139.2 1 1
D7024E/dht/store.go:141.35,143.2 1 1
D7024E/dht/store.go:145.37,147.2 1 1
D7024E/dht/store.go:149.45,152.24 3 1
D7024E/dht/store.go:155.2,155.26 1 1
D7024E/dht/store.go:159.2,159.22 1 1
D7024E/dht/store.go:152.24,154.3 1 1
D7024E/dht/store.go:155.26,157.3 1 1
D7024E/dht/contact.go:18.57,20.2 1 1
D7024E/dht/contact.go:22.40,24.23 2 1
D7024E/dht/contact.go:27.2,31.3 1 1
D7024E/dht/contact.go:24.23,26.3 1 1
D7024E/dht/contact.go:34.40,36.27 2 1
D7024E/dht/contact.go:39.2,43.3 1 1
D7024E/dht/contact.go:36.27,38.3 1 1
D7024E/dht/contact.go:46.53,48.35 2 1
D7024E/dht/contact.go:51.2,51.14 1 1
D7024E/dht/contact.go:48.35,50.3 1 1
D7024E/dht/contact.go:54.50,56.29 2 1
D7024E/dht/contact.go:59.2,59.17 1 1
D7024E/dht/contact.go:56.29,58.3 1 1
D7024E/dht/contact.go:64.58,66.2 1 1
D7024E/dht/contact.go:69.58,71.2 1 1
D7024E/dht/contact.go:74.41,76.2 1 1
D7024E/dht/contact.go:78.60,80.2 1 1
D7024E/dht/contact.go:89.65,91.2 1 1
D7024E/dht/contact.go:93.59,95.2 1 1
D7024E/dht/contact.go:98.71,100.2 1 1
D7024E/dht/contact.go:103.45,104.26 1 1
D7024E/dht/contact.go:104.26,106.3 1 1
D7024E/dht/contact.go:110.48,112.2 1 1
D7024E/dht/contact.go:116.53,118.2 1 1
D7024E/dht/contact.go:122.58,124.2 1 1
D7024E/dht/contact.go:126.52,128.2 1 1
D7024E/dht/contact.go:130.44,131.27 1 1
D7024E/dht/contact.go:131.27,133.3 1 1
D7024E/dht/contact.go:136.61,137.46 1 1
D7024E/dht/contact.go:142.2,142.14 1 1
D7024E/dht/contact.go:137.46,138.25 1 1
D7024E/dht/contact.go:138.25,140.4 1 1
D7024E/dht/contact.go:145.68,146.35 1 1
D7024E/dht/contact.go:146.35,147.34 1 1
D7024E/dht/contact.go:147.34,149.4 1 1
D7024E/dht/kademlia.go:21.53,30.2 4 1
D7024E/dht/kademlia.go:32.39,36.2 3 1
D7024E/dht/kademlia.go:41.63,49.16 8 1
D7024E/dht/kademlia.go:52.2,52.9 1 1
D7024E/dht/kademlia.go:49.16,51.3 1 0
D7024E/dht/kademlia.go:53.2,54.29 1 1
D7024E/dht/kademlia.go:55.2,57.24 2 0
D7024E/dht/kademlia.go:71.86,78.16 7 1
D7024E/dht/kademlia.go:82.2,82.9 1 1
D7024E/dht/kademlia.go:78.16,80.3 1 0
D7024E/dht/kademlia.go:83.2,85.37 2 1
D7024E/dht/kademlia.go:86.2,88.24 2 0
D7024E/dht/kademlia.go:92.70,100.16 8 1
D7024E/dht/kademlia.go:103.2,103.12 1 1
D7024E/dht/kademlia.go:100.16,102.3 1 1
D7024E/dht/kademlia.go:107.47,114.16 7 1
D7024E/dht/kademlia.go:118.2,118.9 1 1
D7024E/dht/kademlia.go:114.16,116.3 1 0
D7024E/dht/kademlia.go:119.2,121.17 2 1
D7024E/dht/kademlia.go:126.3,127.42 2 1
D7024E/dht/kademlia.go:128.2,130.29 2 0
D7024E/dht/kademlia.go:121.17,124.4 1 1
D7024E/dht/kademlia.go:134.63,136.15 2 1
D7024E/dht/kademlia.go:139.2,140.13 2 1
D7024E/dht/kademlia.go:144.2,145.16 2 1
D7024E/dht/kademlia.go:148.2,148.42 1 1
D7024E/dht/kademlia.go:136.15,138.3 1 1
D7024E/dht/kademlia.go:140.13,143.3 2 0
D7024E/dht/kademlia.go:145.16,147.3 1 0
D7024E/dht/kademlia.go:148.42,149.22 1 1
D7024E/dht/kademlia.go:149.22,151.18 2 1
D7024E/dht/kademlia.go:151.18,153.5 1 1
D7024E/dht/kademlia.go:158.69,160.15 2 1
D7024E/dht/kademlia.go:163.2,167.6 4 1
D7024E/dht/kademlia.go:192.2,192.32 1 0
D7024E/dht/kademlia.go:160.15,162.3 1 1
D7024E/dht/kademlia.go:167.6,170.30 3 1
D7024E/dht/kademlia.go:182.3,182.29 1 1
D7024E/dht/kademlia.go:170.30,171.40 1 1
D7024E/dht/kademlia.go:171.40,172.65 1 1
D7024E/dht/kademlia.go:172.65,173.36 1 1
D7024E/dht/kademlia.go:173.36,177.7 3 1
D7024E/dht/kademlia.go:182.29,186.4 3 1
D7024E/dht/kademlia.go:186.4,189.4 1 1
D7024E/dht/kademlia.go:195.78,197.15 2 1
D7024E/dht/kademlia.go:200.2,205.6 5 1
D7024E/dht/kademlia.go:232.2,232.37 1 0
D7024E/dht/kademlia.go:197.15,199.3 1 1
D7024E/dht/kademlia.go:205.6,208.30 3 1
D7024E/dht/kademlia.go:220.3,220.29 1 1
D7024E/dht/kademlia.go:208.30,209.40 1 1
D7024E/dht/kademlia.go:209.40,210.65 1 1
D7024E/dht/kademlia.go:210.65,211.36 1 1
D7024E/dht/kademlia.go:211.36,215.7 3 1
D7024E/dht/kademlia.go:220.29,224.4 3 1
D7024E/dht/kademlia.go:224.4,226.20 2 1
D7024E/dht/kademlia.go:226.20,228.5 1 0
D7024E/dht/kademlia.go:238.69,246.6 7 1
D7024E/dht/kademlia.go:246.6,247.10 1 1
D7024E/dht/kademlia.go:248.3,249.43 1 0
D7024E/dht/kademlia.go:250.3,255.49 5 1
D7024E/dht/kademlia.go:261.4,261.37 1 1
D7024E/dht/kademlia.go:264.4,264.13 1 1
D7024E/dht/kademlia.go:265.3,266.47 1 0
D7024E/dht/kademlia.go:271.4,271.13 1 0
D7024E/dht/kademlia.go:272.3,273.23 1 1
D7024E/dht/kademlia.go:255.49,257.5 1 1
D7024E/dht/kademlia.go:257.5,260.5 2 0
D7024E/dht/kademlia.go:261.37,263.5 1 1
D7024E/dht/kademlia.go:266.47,267.36 1 0
D7024E/dht/kademlia.go:267.36,269.6 1 0
D7024E/dht/kademlia.go:273.23,274.48 1 1
D7024E/dht/kademlia.go:306.5,306.21 1 1
D7024E/dht/kademlia.go:274.48,275.37 1 1
D7024E/dht/kademlia.go:275.37,278.17 3 1
D7024E/dht/kademlia.go:303.7,303.12 1 1
D7024E/dht/kademlia.go:278.17,283.21 5 1
D7024E/dht/kademlia.go:288.8,288.22 1 1
D7024E/dht/kademlia.go:292.8,292.37 1 1
D7024E/dht/kademlia.go:296.8,296.19 1 1
D7024E/dht/kademlia.go:300.8,301.14 2 1
D7024E/dht/kademlia.go:283.21,285.9 1 1
D7024E/dht/kademlia.go:285.9,287.9 1 1
D7024E/dht/kademlia.go:288.22,291.9 2 0
D7024E/dht/kademlia.go:292.37,295.9 2 0
D7024E/dht/kademlia.go:296.19,299.9 2 0
D7024E/dht/kademlia.go:306.21,308.6 1 0
D7024E/dht/kademlia.go:314.38,315.24 1 1
D7024E/dht/kademlia.go:319.2,322.23 4 1
D7024E/dht/kademlia.go:315.24,318.3 2 1
D7024E/dht/kademlia.go:322.23,325.3 2 1
D7024E/dht/kademlia.go:325.3,330.17 4 0
D7024E/dht/kademlia.go:333.3,333.14 1 0
D7024E/dht/kademlia.go:330.17,332.4 1 0
D7024E/dht/kademlia.go:333.14,338.4 4 0
D7024E/dht/kademlia.go:343.37,344.17 1 0
D7024E/dht/kademlia.go:386.2,386.37 1 0
D7024E/dht/kademlia.go:344.17,347.39 1 0
D7024E/dht/kademlia.go:365.3,365.48 1 0
D7024E/dht/kademlia.go:347.39,348.39 1 0
D7024E/dht/kademlia.go:348.39,350.23 2 0
D7024E/dht/kademlia.go:350.23,353.21 3 0
D7024E/dht/kademlia.go:353.21,355.21 2 0
D7024E/dht/kademlia.go:355.21,357.8 1 0
D7024E/dht/kademlia.go:357.8,359.8 1 0
D7024E/dht/kademlia.go:365.48,366.36 1 0
D7024E/dht/kademlia.go:366.36,369.5 2 0
D7024E/dht/kademlia.go:369.5,369.57 1 0
D7024E/dht/kademlia.go:369.57,372.40 3 0
D7024E/dht/kademlia.go:372.40,375.6 2 0
D7024E/dht/kademlia.go:376.5,376.48 1 0
D7024E/dht/kademlia.go:376.48,379.40 3 0
D7024E/dht/kademlia.go:379.40,382.6 2 0
D7024E/dht/kademlia.go:389.50,394.2 4 0
D7024E/dht/kademlia.go:396.49,399.16 3 1
D7024E/dht/kademlia.go:403.2,404.12 2 1
D7024E/dht/kademlia.go:408.2,409.12 2 1
D7024E/dht/kademlia.go:399.16,402.3 2 0
D7024E/dht/kademlia.go:404.12,407.3 2 1
D7024E/dht/kademlia.go:412.46,415.16 3 1
D7024E/dht/kademlia.go:418.2,419.16 2 1
D7024E/dht/kademlia.go:422.2,422.12 1 1
D7024E/dht/kademlia.go:415.16,417.3 1 0
D7024E/dht/kademlia.go:419.16,421.3 1 1
D7024E/dht/kademlia.go:425.48,428.16 3 1
D7024E/dht/kademlia.go:431.2,432.16 2 1
D7024E/dht/kademlia.go:435.2,435.12 1 1
D7024E/dht/kademlia.go:428.16,430.3 1 0
D7024E/dht/kademlia.go:432.16,434.3 1 1
D7024E/dht/kademlia.go:438.32,442.25 4 0
D7024E/dht/kademlia.go:445.2,447.43 3 0
D7024E/dht/kademlia.go:442.25,444.3 1 0
D7024E/dht/rpcHandler.go:11.72,12.11 1 1
D7024E/dht/rpcHandler.go:13.2,14.22 1 1
D7024E/dht/rpcHandler.go:15.2,16.26 1 1
D7024E/dht/rpcHandler.go:17.2,18.23 1 1
D7024E/dht/rpcHandler.go:19.2,20.27 1 1
D7024E/dht/rpcHandler.go:21.2,22.13 1 0
D7024E/dht/rpcHandler.go:26.69,34.2 2 1
D7024E/dht/rpcHandler.go:36.73,50.2 6 1
D7024E/dht/rpcHandler.go:52.70,63.12 6 1
D7024E/dht/rpcHandler.go:72.2,72.17 1 1
D7024E/dht/rpcHandler.go:63.12,64.48 1 0
D7024E/dht/rpcHandler.go:64.48,67.4 1 0
D7024E/dht/rpcHandler.go:68.3,71.3 1 1
D7024E/dht/rpcHandler.go:75.74,77.16 2 1
D7024E/dht/rpcHandler.go:80.2,84.12 3 1
D7024E/dht/rpcHandler.go:93.2,93.21 1 1
D7024E/dht/rpcHandler.go:77.16,79.3 1 0
D7024E/dht/rpcHandler.go:84.12,86.3 1 1
D7024E/dht/rpcHandler.go:86.3,91.3 4 1
D7024E/dht/scheduler.go:13.43,15.2 1 0
D7024E/dht/scheduler.go:17.55,19.6 2 0
D7024E/dht/scheduler.go:19.6,20.10 1 0
D7024E/dht/scheduler.go:21.3,22.10 1 0
D7024E/dht/scheduler.go:23.3,25.10 2 0
